<?xml version="1.0" encoding="UTF-8"?>
<testng-results skipped="0" failed="0" ignored="0" total="4" passed="4">
  <reporter-output>
  </reporter-output>
  <suite name="Suite" duration-ms="69039" started-at="2020-09-02T14:32:43Z" finished-at="2020-09-02T14:33:52Z">
    <groups>
    </groups>
    <test name="HomePageTests" duration-ms="10194" started-at="2020-09-02T14:32:43Z" finished-at="2020-09-02T14:32:53Z">
      <class name="Babbel.HomePageTest">
        <test-method status="PASS" signature="driverSetUp()[pri:0, instance:Babbel.HomePageTest@15043a2f]" name="driverSetUp" is-config="true" duration-ms="5503" started-at="2020-09-02T14:32:43Z" finished-at="2020-09-02T14:32:49Z">
          <reporter-output>
          </reporter-output>
        </test-method> <!-- driverSetUp -->
        <test-method status="PASS" signature="changeLanguage()[pri:0, instance:Babbel.HomePageTest@15043a2f]" name="changeLanguage" duration-ms="4523" started-at="2020-09-02T14:32:49Z" finished-at="2020-09-02T14:32:53Z">
          <reporter-output>
          </reporter-output>
        </test-method> <!-- changeLanguage -->
        <test-method status="PASS" signature="tearDown()[pri:0, instance:Babbel.HomePageTest@15043a2f]" name="tearDown" is-config="true" duration-ms="146" started-at="2020-09-02T14:32:53Z" finished-at="2020-09-02T14:32:53Z">
          <reporter-output>
          </reporter-output>
        </test-method> <!-- tearDown -->
      </class> <!-- Babbel.HomePageTest -->
    </test> <!-- HomePageTests -->
    <test name="SignInPageTests" duration-ms="38512" started-at="2020-09-02T14:32:53Z" finished-at="2020-09-02T14:33:32Z">
      <class name="Babbel.SignInPageTest">
        <test-method status="PASS" signature="signInWithEmail(java.lang.String, java.lang.String, java.lang.String)[pri:0, instance:Babbel.SignInPageTest@5386659f]" name="signInWithEmail" duration-ms="17176" started-at="2020-09-02T14:32:53Z" data-provider="getEmailData" finished-at="2020-09-02T14:33:10Z">
          <params>
            <param index="0">
              <value>
                <![CDATA[xyz@gmail.com]]>
              </value>
            </param>
            <param index="1">
              <value>
                <![CDATA[xyz]]>
              </value>
            </param>
            <param index="2">
              <value>
                <![CDATA[Test data emailid 1 ]]>
              </value>
            </param>
          </params>
          <reporter-output>
          </reporter-output>
        </test-method> <!-- signInWithEmail -->
        <test-method status="PASS" signature="signInWithEmail(java.lang.String, java.lang.String, java.lang.String)[pri:0, instance:Babbel.SignInPageTest@5386659f]" name="signInWithEmail" duration-ms="20739" started-at="2020-09-02T14:33:10Z" data-provider="getEmailData" finished-at="2020-09-02T14:33:31Z">
          <params>
            <param index="0">
              <value>
                <![CDATA[ABC@gmail.com]]>
              </value>
            </param>
            <param index="1">
              <value>
                <![CDATA[999]]>
              </value>
            </param>
            <param index="2">
              <value>
                <![CDATA[Test data emailid 2]]>
              </value>
            </param>
          </params>
          <reporter-output>
          </reporter-output>
        </test-method> <!-- signInWithEmail -->
        <test-method status="PASS" signature="tearDown()[pri:0, instance:Babbel.SignInPageTest@5386659f]" name="tearDown" is-config="true" duration-ms="587" started-at="2020-09-02T14:33:31Z" finished-at="2020-09-02T14:33:32Z">
          <reporter-output>
          </reporter-output>
        </test-method> <!-- tearDown -->
      </class> <!-- Babbel.SignInPageTest -->
    </test> <!-- SignInPageTests -->
    <test name="ForgotPageTests" duration-ms="20302" started-at="2020-09-02T14:33:32Z" finished-at="2020-09-02T14:33:52Z">
      <class name="Babbel.ForgotPageTest">
        <test-method status="PASS" signature="emailMobileAssistance(java.lang.String, java.lang.String)[pri:0, instance:Babbel.ForgotPageTest@268f106e]" name="emailMobileAssistance" duration-ms="16108" started-at="2020-09-02T14:33:32Z" data-provider="getEmailMobileData" finished-at="2020-09-02T14:33:48Z">
          <params>
            <param index="0">
              <value>
                <![CDATA[abc@gmail.com]]>
              </value>
            </param>
            <param index="1">
              <value>
                <![CDATA[Emailid Assistance ]]>
              </value>
            </param>
          </params>
          <reporter-output>
          </reporter-output>
        </test-method> <!-- emailMobileAssistance -->
        <test-method status="PASS" signature="tearDown()[pri:0, instance:Babbel.ForgotPageTest@268f106e]" name="tearDown" is-config="true" duration-ms="4192" started-at="2020-09-02T14:33:48Z" finished-at="2020-09-02T14:33:52Z">
          <reporter-output>
          </reporter-output>
        </test-method> <!-- tearDown -->
      </class> <!-- Babbel.ForgotPageTest -->
    </test> <!-- ForgotPageTests -->
  </suite> <!-- Suite -->
</testng-results>
